\o Program:		@(#)$CDS: libManager version 6.1.7 - CAT35 10/18/2015 00:06 (sjfnl678) $
\o Sub version:		sub-version  p009 
\o Arguments:		-mpssession virtuoso1574 -mpshost berkeley 
\o Working Directory:	berkeley:/home/cadence/my_project/Digital_Circuits_Project
\o 64-bit offsets
\o Qt version: 		4.8.5
\o Log file is "/home/cadence/my_project/Digital_Circuits_Project/libManager.log".
\o Opening libManager window.
\a nrSetCurrentWindow(cdsLibManager)
\a nrResizeWindow(cdsLibManager list(0 25 1360 517))
\o changeWorkingDir("/home/cadence/my_project/Digital_Circuits_Project") unnecessary.
\o ddSetForcedLib("") unnecessary.
\o MPS service: map window
\o Library Manager customization server connected.
\w Warning: The directory: '/home/cadence/my_project/Digital_Circuits_Project/Shafeek_alu' does not exist
\w 	but was defined in libFile '/home/cadence/my_project/Digital_Circuits_Project/cds.lib' for Lib 'Shafeek_alu'.
\a cdsLibManager->libListBox->value = "Logic_Unit"
\a cdsLibManager->libListBox->value = "Final_Blocks"
\a cdsLibManager->libLineEdit->value = "Final_Blocks"
\a cdsLibManager->cellListBox->value = "ALU_TB"
\a nrListItemAction(cdsLibManager->cellListBox 1 0)
\o MPS request: edit design
\a cdsLibManager->cellLineEdit->value = "ALU_TB"
\a cdsLibManager->libListBox->value = nil
\a cdsLibManager->cellListBox->value = nil
\a cdsLibManager->cellLineEdit->value = ""
\a cdsLibManager->libLineEdit->value = ""
\w Warning: The directory: '/home/cadence/my_project/Digital_Circuits_Project/Shafeek_alu' does not exist
\w 	but was defined in libFile '/home/cadence/my_project/Digital_Circuits_Project/cds.lib' for Lib 'Shafeek_alu'.
\a cdsLibManager->libListBox->value = "Final_Blocks"
\a cdsLibManager->libLineEdit->value = "Final_Blocks"
\a cdsLibManager->cellListBox->value = "ALU_TB"
\a cdsLibManager->cellLineEdit->value = "ALU_TB"
\a nrSetCurrentWindow(cdsLibManager)
\a nrSetCurrentWindow(cdsLibManager)
\a nrSetCurrentWindow(cdsLibManager)
\a nrSetCurrentWindow(cdsLibManager)
\a cdsLibManager->cellListBox->value = "Arithmetic_Unit"
\a cdsLibManager->cellListBox->value = "Arithmetic_Unit_TB"
\a nrListItemAction(cdsLibManager->cellListBox 3 0)
\o MPS request: edit design
\a cdsLibManager->libListBox->value = nil
\a cdsLibManager->cellListBox->value = nil
\a cdsLibManager->libLineEdit->value = ""
\w Warning: The directory: '/home/cadence/my_project/Digital_Circuits_Project/Shafeek_alu' does not exist
\w 	but was defined in libFile '/home/cadence/my_project/Digital_Circuits_Project/cds.lib' for Lib 'Shafeek_alu'.
\a cdsLibManager->libListBox->value = "Final_Blocks"
\a cdsLibManager->libLineEdit->value = "Final_Blocks"
\a cdsLibManager->cellListBox->value = "Arithmetic_Unit_TB"
\a cdsLibManager->cellLineEdit->value = "Arithmetic_Unit_TB"
\a nrSetCurrentWindow(cdsLibManager)
\a nrSetCurrentWindow(cdsLibManager)
\a cdsLibManager->cellListBox->value = "Logic_Unit"
\a cdsLibManager->cellListBox->value = "Logic_Unit_TB"
\a nrListItemAction(cdsLibManager->cellListBox 5 0)
\o MPS request: edit design
\a cdsLibManager->libListBox->value = nil
\a cdsLibManager->cellListBox->value = nil
\a cdsLibManager->libLineEdit->value = ""
\w Warning: The directory: '/home/cadence/my_project/Digital_Circuits_Project/Shafeek_alu' does not exist
\w 	but was defined in libFile '/home/cadence/my_project/Digital_Circuits_Project/cds.lib' for Lib 'Shafeek_alu'.
\a cdsLibManager->libListBox->value = "Final_Blocks"
\a cdsLibManager->libLineEdit->value = "Final_Blocks"
\a cdsLibManager->cellListBox->value = "Logic_Unit_TB"
\a cdsLibManager->cellLineEdit->value = "Logic_Unit_TB"
\a nrSetCurrentWindow(cdsLibManager)
\a nrSetCurrentWindow(cdsLibManager)
\a nrSetCurrentWindow(cdsLibManager)
\a cdsLibManager->cellListBox->value = "Arithmetic_Unit_TB"
\a cdsLibManager->cellListBox->value = "ALU_TB"
\a nrListItemAction(cdsLibManager->cellListBox 1 0)
\o MPS request: edit design
\a cdsLibManager->libListBox->value = nil
\a cdsLibManager->cellListBox->value = nil
\a cdsLibManager->libLineEdit->value = ""
\w Warning: The directory: '/home/cadence/my_project/Digital_Circuits_Project/Shafeek_alu' does not exist
\w 	but was defined in libFile '/home/cadence/my_project/Digital_Circuits_Project/cds.lib' for Lib 'Shafeek_alu'.
\a cdsLibManager->libListBox->value = "Final_Blocks"
\a cdsLibManager->libLineEdit->value = "Final_Blocks"
\a cdsLibManager->cellListBox->value = "ALU_TB"
\a cdsLibManager->cellLineEdit->value = "ALU_TB"
\a nrSetCurrentWindow(cdsLibManager)
\a nrSetCurrentWindow(cdsLibManager)
\a nrSetCurrentWindow(cdsLibManager)
\a cdsLibManager->cellListBox->value = nil
\a nrListItemAction(cdsLibManager->cellListBox 1 0)
\a cdsLibManager->cellListBox->value = "ALU_TB"
\o MPS request: edit design
\a cdsLibManager->cellLineEdit->value = "ALU_TB"
\a cdsLibManager->libListBox->value = nil
\a cdsLibManager->cellListBox->value = nil
\a cdsLibManager->cellLineEdit->value = ""
\a cdsLibManager->libLineEdit->value = ""
\w Warning: The directory: '/home/cadence/my_project/Digital_Circuits_Project/Shafeek_alu' does not exist
\w 	but was defined in libFile '/home/cadence/my_project/Digital_Circuits_Project/cds.lib' for Lib 'Shafeek_alu'.
\a cdsLibManager->libListBox->value = "Final_Blocks"
\a cdsLibManager->libLineEdit->value = "Final_Blocks"
\a cdsLibManager->cellListBox->value = "ALU_TB"
\a cdsLibManager->cellLineEdit->value = "ALU_TB"
\a nrSetCurrentWindow(cdsLibManager)
\a nrSetCurrentWindow(cdsLibManager)
\a cdsLibManager->viewListBox->value = "schematic"
\a cdsLibManager->viewLineEdit->value = "schematic"
\o MPS request: edit design
\a nrListItemAction(cdsLibManager->gdmXTView 2 0)
\a nrSetCurrentWindow(cdsLibManager)
\a cdsLibManager->viewListBox->value = nil
\a cdsLibManager->viewListBox->value = "schematic"
\o MPS request: edit design
\a nrListItemAction(cdsLibManager->gdmXTView 2 0)
\a nrSetCurrentWindow(cdsLibManager)
\a nrSetCurrentWindow(cdsLibManager)
\a nrSetCurrentWindow(cdsLibManager)
\a nrSetCurrentWindow(cdsLibManager)
